  stdafx.cpp
  animation.cpp
  cameraManager.cpp
E:\test\cameraManager.cpp(140,28): warning C4838: 'float'에서 'LONG'(으)로의 변환에는 축소 변환이 필요합니다.
E:\test\cameraManager.cpp(140,28): warning C4244: '초기화 중': 'float'에서 'LONG'(으)로 변환하면서 데이터가 손실될 수 있습니다.
E:\test\cameraManager.cpp(140,53): warning C4838: 'float'에서 'LONG'(으)로의 변환에는 축소 변환이 필요합니다.
E:\test\cameraManager.cpp(140,53): warning C4244: '초기화 중': 'float'에서 'LONG'(으)로 변환하면서 데이터가 손실될 수 있습니다.
E:\test\cameraManager.cpp(140,77): warning C4838: 'float'에서 'LONG'(으)로의 변환에는 축소 변환이 필요합니다.
E:\test\cameraManager.cpp(140,77): warning C4244: '초기화 중': 'float'에서 'LONG'(으)로 변환하면서 데이터가 손실될 수 있습니다.
E:\test\cameraManager.cpp(140,103): warning C4838: 'float'에서 'LONG'(으)로의 변환에는 축소 변환이 필요합니다.
E:\test\cameraManager.cpp(140,103): warning C4244: '초기화 중': 'float'에서 'LONG'(으)로 변환하면서 데이터가 손실될 수 있습니다.
E:\test\cameraManager.cpp(147,28): warning C4838: 'float'에서 'LONG'(으)로의 변환에는 축소 변환이 필요합니다.
E:\test\cameraManager.cpp(147,28): warning C4244: '초기화 중': 'float'에서 'LONG'(으)로 변환하면서 데이터가 손실될 수 있습니다.
E:\test\cameraManager.cpp(147,53): warning C4838: 'float'에서 'LONG'(으)로의 변환에는 축소 변환이 필요합니다.
E:\test\cameraManager.cpp(147,53): warning C4244: '초기화 중': 'float'에서 'LONG'(으)로 변환하면서 데이터가 손실될 수 있습니다.
E:\test\cameraManager.cpp(147,77): warning C4838: 'float'에서 'LONG'(으)로의 변환에는 축소 변환이 필요합니다.
E:\test\cameraManager.cpp(147,77): warning C4244: '초기화 중': 'float'에서 'LONG'(으)로 변환하면서 데이터가 손실될 수 있습니다.
E:\test\cameraManager.cpp(147,103): warning C4838: 'float'에서 'LONG'(으)로의 변환에는 축소 변환이 필요합니다.
E:\test\cameraManager.cpp(147,103): warning C4244: '초기화 중': 'float'에서 'LONG'(으)로 변환하면서 데이터가 손실될 수 있습니다.
E:\test\cameraManager.cpp(153,32): warning C4244: '인수': 'float'에서 'int'(으)로 변환하면서 데이터가 손실될 수 있습니다.
E:\test\cameraManager.cpp(153,28): warning C4244: '인수': 'float'에서 'int'(으)로 변환하면서 데이터가 손실될 수 있습니다.
E:\test\cameraManager.cpp(160,34): warning C4244: '인수': 'float'에서 'int'(으)로 변환하면서 데이터가 손실될 수 있습니다.
E:\test\cameraManager.cpp(160,28): warning C4244: '인수': 'float'에서 'int'(으)로 변환하면서 데이터가 손실될 수 있습니다.
E:\test\cameraManager.cpp(167,65): warning C4244: '인수': 'float'에서 'int'(으)로 변환하면서 데이터가 손실될 수 있습니다.
E:\test\cameraManager.cpp(167,54): warning C4244: '인수': 'float'에서 'int'(으)로 변환하면서 데이터가 손실될 수 있습니다.
E:\test\cameraManager.cpp(167,47): warning C4244: '인수': 'float'에서 'int'(으)로 변환하면서 데이터가 손실될 수 있습니다.
E:\test\cameraManager.cpp(167,40): warning C4244: '인수': 'float'에서 'int'(으)로 변환하면서 데이터가 손실될 수 있습니다.
E:\test\cameraManager.cpp(167,34): warning C4244: '인수': 'float'에서 'int'(으)로 변환하면서 데이터가 손실될 수 있습니다.
E:\test\cameraManager.cpp(167,28): warning C4244: '인수': 'float'에서 'int'(으)로 변환하면서 데이터가 손실될 수 있습니다.
E:\test\cameraManager.cpp(174,39): warning C4244: '인수': 'float'에서 'int'(으)로 변환하면서 데이터가 손실될 수 있습니다.
E:\test\cameraManager.cpp(174,33): warning C4244: '인수': 'float'에서 'int'(으)로 변환하면서 데이터가 손실될 수 있습니다.
E:\test\cameraManager.cpp(181,39): warning C4244: '인수': 'float'에서 'int'(으)로 변환하면서 데이터가 손실될 수 있습니다.
E:\test\cameraManager.cpp(181,33): warning C4244: '인수': 'float'에서 'int'(으)로 변환하면서 데이터가 손실될 수 있습니다.
E:\test\cameraManager.cpp(195,32): warning C4244: '인수': 'float'에서 'int'(으)로 변환하면서 데이터가 손실될 수 있습니다.
E:\test\cameraManager.cpp(195,22): warning C4244: '인수': 'float'에서 'int'(으)로 변환하면서 데이터가 손실될 수 있습니다.
E:\test\cameraManager.cpp(195,15): warning C4244: '인수': 'float'에서 'int'(으)로 변환하면서 데이터가 손실될 수 있습니다.
E:\test\cameraManager.cpp(195,8): warning C4244: '인수': 'float'에서 'int'(으)로 변환하면서 데이터가 손실될 수 있습니다.
E:\test\cameraManager.cpp(194,32): warning C4244: '인수': 'float'에서 'int'(으)로 변환하면서 데이터가 손실될 수 있습니다.
E:\test\cameraManager.cpp(194,24): warning C4244: '인수': 'float'에서 'int'(으)로 변환하면서 데이터가 손실될 수 있습니다.
  collision.cpp
E:\test\collision.cpp(167,26): warning C4244: '=': 'float'에서 'LONG'(으)로 변환하면서 데이터가 손실될 수 있습니다.
E:\test\collision.cpp(168,28): warning C4244: '=': 'float'에서 'LONG'(으)로 변환하면서 데이터가 손실될 수 있습니다.
E:\test\collision.cpp(169,24): warning C4244: '=': 'float'에서 'LONG'(으)로 변환하면서 데이터가 손실될 수 있습니다.
E:\test\collision.cpp(170,30): warning C4244: '=': 'float'에서 'LONG'(으)로 변환하면서 데이터가 손실될 수 있습니다.
  effect.cpp
  effectManager.cpp
  Event.cpp
  EventManager.cpp
  gameNode.cpp
E:\test\gameNode.cpp(113,36): warning C4244: '=': 'float'에서 'LONG'(으)로 변환하면서 데이터가 손실될 수 있습니다.
E:\test\gameNode.cpp(114,36): warning C4244: '=': 'float'에서 'LONG'(으)로 변환하면서 데이터가 손실될 수 있습니다.
E:\test\gameNode.cpp(107,8): warning C4101: 'hdc' :참조되지 않은 지역 변수입니다.
E:\test\gameNode.cpp(106,14): warning C4101: 'ps' :참조되지 않은 지역 변수입니다.
  image.cpp
E:\test\image.cpp(68,28): warning C4267: '초기화 중': 'size_t'에서 'int'(으)로 변환하면서 데이터가 손실될 수 있습니다.
E:\test\image.cpp(126,28): warning C4267: '초기화 중': 'size_t'에서 'int'(으)로 변환하면서 데이터가 손실될 수 있습니다.
E:\test\image.cpp(181,28): warning C4267: '초기화 중': 'size_t'에서 'int'(으)로 변환하면서 데이터가 손실될 수 있습니다.
E:\test\image.cpp(248,14): warning C4244: '인수': 'float'에서 'int'(으)로 변환하면서 데이터가 손실될 수 있습니다.
E:\test\image.cpp(247,14): warning C4244: '인수': 'float'에서 'int'(으)로 변환하면서 데이터가 손실될 수 있습니다.
E:\test\image.cpp(262,14): warning C4244: '인수': 'float'에서 'int'(으)로 변환하면서 데이터가 손실될 수 있습니다.
E:\test\image.cpp(261,14): warning C4244: '인수': 'float'에서 'int'(으)로 변환하면서 데이터가 손실될 수 있습니다.
E:\test\image.cpp(483,44): warning C4244: '인수': 'float'에서 'int'(으)로 변환하면서 데이터가 손실될 수 있습니다.
E:\test\image.cpp(483,29): warning C4244: '인수': 'float'에서 'int'(으)로 변환하면서 데이터가 손실될 수 있습니다.
E:\test\image.cpp(491,44): warning C4244: '인수': 'float'에서 'int'(으)로 변환하면서 데이터가 손실될 수 있습니다.
E:\test\image.cpp(491,29): warning C4244: '인수': 'float'에서 'int'(으)로 변환하면서 데이터가 손실될 수 있습니다.
  imageManager.cpp
  keyAniManager.cpp
  keyManager.cpp
  playGround.cpp
  progressBar.cpp
E:\test\progressBar.cpp(19,28): warning C4244: '인수': 'float'에서 'int'(으)로 변환하면서 데이터가 손실될 수 있습니다.
E:\test\progressBar.cpp(19,25): warning C4244: '인수': 'float'에서 'int'(으)로 변환하면서 데이터가 손실될 수 있습니다.
E:\test\progressBar.cpp(26,39): warning C4244: '=': 'int'에서 'float'(으)로 변환하면서 데이터가 손실될 수 있습니다.
E:\test\progressBar.cpp(37,35): warning C4244: '인수': 'float'에서 'int'(으)로 변환하면서 데이터가 손실될 수 있습니다.
E:\test\progressBar.cpp(37,31): warning C4244: '인수': 'float'에서 'int'(으)로 변환하면서 데이터가 손실될 수 있습니다.
E:\test\progressBar.cpp(40,37): warning C4244: '-=': 'double'에서 'float'(으)로 변환하면서 데이터가 손실될 수 있습니다.
E:\test\progressBar.cpp(49,64): warning C4244: '인수': 'int'에서 'float'(으)로 변환하면서 데이터가 손실될 수 있습니다.
E:\test\progressBar.cpp(49,31): warning C4244: '인수': 'int'에서 'float'(으)로 변환하면서 데이터가 손실될 수 있습니다.
E:\test\progressBar.cpp(46,73): warning C4244: '인수': 'LONG'에서 'float'(으)로 변환하면서 데이터가 손실될 수 있습니다.
E:\test\progressBar.cpp(54,44): warning C4244: '인수': 'int'에서 'float'(으)로 변환하면서 데이터가 손실될 수 있습니다.
E:\test\progressBar.cpp(51,71): warning C4244: '인수': 'LONG'에서 'float'(으)로 변환하면서 데이터가 손실될 수 있습니다.
E:\test\progressBar.cpp(59,40): warning C4244: '인수': 'int'에서 'float'(으)로 변환하면서 데이터가 손실될 수 있습니다.
E:\test\progressBar.cpp(56,70): warning C4244: '인수': 'LONG'에서 'float'(으)로 변환하면서 데이터가 손실될 수 있습니다.
  renderer.cpp
  sceneManager.cpp
  soundManager.cpp
  timeManager.cpp
E:\test\timeManager.cpp(49,38): warning C4267: '인수': 'size_t'에서 'int'(으)로 변환하면서 데이터가 손실될 수 있습니다.
E:\test\timeManager.cpp(52,39): warning C4267: '인수': 'size_t'에서 'int'(으)로 변환하면서 데이터가 손실될 수 있습니다.
E:\test\timeManager.cpp(55,39): warning C4267: '인수': 'size_t'에서 'int'(으)로 변환하면서 데이터가 손실될 수 있습니다.
  timer.cpp
E:\test\timer.cpp(61,20): warning C4244: '=': 'float'에서 'unsigned long'(으)로 변환하면서 데이터가 손실될 수 있습니다.
  Transform.cpp
  코드를 생성하고 있습니다...
E:\test\collision.cpp(82): warning C4715: 'TTYONE_UTIL::checkPointInCircle': 모든 제어 경로에서 값을 반환하지는 않습니다.
  컴파일하고 있습니다...
  txtData.cpp
  utils.cpp
  windowsAPI.cpp
E:\test\windowsAPI.cpp(92,16): warning C4244: 'return': 'WPARAM'에서 'int'(으)로 변환하면서 데이터가 손실될 수 있습니다.
  코드를 생성하고 있습니다...
E:\test\txtData.cpp(58): warning C4172: 지역 변수 또는 임시: str의 주소를 반환하고 있습니다.
  windowsAPI.vcxproj -> E:\test\x64\Debug\windowsAPI.exe
